2025-01-05T11:50:44.060Z - Wallet 0xf39Fd6e51aad88F6F4ce6aB8827279cffFb92266 balance is below threshold on ethereum
2025-01-05T11:50:45.112Z - Wallet 0xf39Fd6e51aad88F6F4ce6aB8827279cffFb92266 balance is below threshold on bnb
2025-01-05T11:50:48.428Z - Wallet 0xf39Fd6e51aad88F6F4ce6aB8827279cffFb92266 balance is below threshold on polygon
2025-01-05T11:50:49.218Z - Wallet 0x70997970C51812dc3A010C7d01b50e0d17dc79C8 balance is below threshold on ethereum
2025-01-05T11:50:50.025Z - Wallet 0x70997970C51812dc3A010C7d01b50e0d17dc79C8 balance is below threshold on bnb
2025-01-05T11:50:50.798Z - Wallet 0x70997970C51812dc3A010C7d01b50e0d17dc79C8 balance is below threshold on polygon
2025-01-05T11:50:51.602Z - Wallet 0x3C44CdDdB6a900fa2b585dd299e03d12FA4293BC balance is below threshold on ethereum
2025-01-05T11:50:52.396Z - Wallet 0x3C44CdDdB6a900fa2b585dd299e03d12FA4293BC balance is below threshold on bnb
2025-01-05T11:50:53.159Z - Wallet 0x3C44CdDdB6a900fa2b585dd299e03d12FA4293BC balance is below threshold on polygon
2025-01-05T11:50:53.667Z - Wallet 0xf39Fd6e51aad88F6F4ce6aB8827279cffFb92266 balance is below threshold on ethereum
2025-01-05T11:50:53.932Z - Wallet 0x90F79bf6EB2c4f870365E785982E1f101E93b906 balance is below threshold on ethereum
2025-01-05T11:50:54.413Z - Wallet 0xf39Fd6e51aad88F6F4ce6aB8827279cffFb92266 balance is below threshold on bnb
2025-01-05T11:50:54.697Z - Wallet 0x90F79bf6EB2c4f870365E785982E1f101E93b906 balance is below threshold on bnb
2025-01-05T11:50:55.164Z - Wallet 0xf39Fd6e51aad88F6F4ce6aB8827279cffFb92266 balance is below threshold on polygon
2025-01-05T11:50:55.455Z - Wallet 0x90F79bf6EB2c4f870365E785982E1f101E93b906 balance is below threshold on polygon
2025-01-05T11:50:55.948Z - Wallet 0x70997970C51812dc3A010C7d01b50e0d17dc79C8 balance is below threshold on ethereum
2025-01-05T11:50:56.220Z - Wallet 0x15d34AAf54267DB7D7c367839AAf71A00a2C6A65 balance is below threshold on ethereum
2025-01-05T11:50:56.723Z - Wallet 0x70997970C51812dc3A010C7d01b50e0d17dc79C8 balance is below threshold on bnb
2025-01-05T11:50:56.983Z - Wallet 0x15d34AAf54267DB7D7c367839AAf71A00a2C6A65 balance is below threshold on bnb
2025-01-05T11:50:57.479Z - Wallet 0x70997970C51812dc3A010C7d01b50e0d17dc79C8 balance is below threshold on polygon
2025-01-05T11:50:57.767Z - Wallet 0x15d34AAf54267DB7D7c367839AAf71A00a2C6A65 balance is below threshold on polygon
2025-01-05T11:50:58.255Z - Wallet 0x3C44CdDdB6a900fa2b585dd299e03d12FA4293BC balance is below threshold on ethereum
2025-01-05T11:50:58.533Z - Wallet 0x9965507D1a55bcC2695C58ba16FB37d819B0A4dc balance is below threshold on ethereum
2025-01-05T11:50:58.998Z - Wallet 0x3C44CdDdB6a900fa2b585dd299e03d12FA4293BC balance is below threshold on bnb
2025-01-05T11:50:59.278Z - Wallet 0x9965507D1a55bcC2695C58ba16FB37d819B0A4dc balance is below threshold on bnb
2025-01-05T11:51:00.031Z - Wallet 0x9965507D1a55bcC2695C58ba16FB37d819B0A4dc balance is below threshold on polygon
2025-01-05T11:51:00.790Z - Wallet 0x976EA74026E726554dB657fA54763abd0C3a0aa9 balance is below threshold on ethereum
2025-01-05T11:51:01.553Z - Wallet 0x976EA74026E726554dB657fA54763abd0C3a0aa9 balance is below threshold on bnb
2025-01-05T11:51:02.303Z - Wallet 0x976EA74026E726554dB657fA54763abd0C3a0aa9 balance is below threshold on polygon
2025-01-05T11:51:03.071Z - Wallet 0x3C44CdDdB6a900fa2b585dd299e03d12FA4293BC balance is below threshold on polygon
2025-01-05T11:51:03.107Z - Wallet 0x14dC79964da2C08b23698B3D3cc7Ca32193d9955 balance is below threshold on ethereum
2025-01-05T11:51:03.699Z - Wallet 0xf39Fd6e51aad88F6F4ce6aB8827279cffFb92266 balance is below threshold on ethereum
2025-01-05T11:51:03.848Z - Wallet 0x90F79bf6EB2c4f870365E785982E1f101E93b906 balance is below threshold on ethereum
2025-01-05T11:51:03.884Z - Wallet 0x14dC79964da2C08b23698B3D3cc7Ca32193d9955 balance is below threshold on bnb
2025-01-05T11:51:04.460Z - Wallet 0xf39Fd6e51aad88F6F4ce6aB8827279cffFb92266 balance is below threshold on bnb
2025-01-05T11:51:04.609Z - Wallet 0x90F79bf6EB2c4f870365E785982E1f101E93b906 balance is below threshold on bnb
2025-01-05T11:51:04.668Z - Wallet 0x14dC79964da2C08b23698B3D3cc7Ca32193d9955 balance is below threshold on polygon
2025-01-05T11:51:05.199Z - Wallet 0xf39Fd6e51aad88F6F4ce6aB8827279cffFb92266 balance is below threshold on polygon
2025-01-05T11:51:05.359Z - Wallet 0x90F79bf6EB2c4f870365E785982E1f101E93b906 balance is below threshold on polygon
2025-01-05T11:51:05.958Z - Wallet 0x70997970C51812dc3A010C7d01b50e0d17dc79C8 balance is below threshold on ethereum
2025-01-05T11:51:06.139Z - Wallet 0x15d34AAf54267DB7D7c367839AAf71A00a2C6A65 balance is below threshold on ethereum
2025-01-05T11:51:06.711Z - Wallet 0x70997970C51812dc3A010C7d01b50e0d17dc79C8 balance is below threshold on bnb
2025-01-05T11:51:06.886Z - Wallet 0x15d34AAf54267DB7D7c367839AAf71A00a2C6A65 balance is below threshold on bnb
2025-01-05T11:51:07.466Z - Wallet 0x70997970C51812dc3A010C7d01b50e0d17dc79C8 balance is below threshold on polygon
2025-01-05T11:51:07.643Z - Wallet 0x15d34AAf54267DB7D7c367839AAf71A00a2C6A65 balance is below threshold on polygon
2025-01-05T11:51:08.258Z - Wallet 0x3C44CdDdB6a900fa2b585dd299e03d12FA4293BC balance is below threshold on ethereum
2025-01-05T11:51:08.434Z - Wallet 0x9965507D1a55bcC2695C58ba16FB37d819B0A4dc balance is below threshold on ethereum
2025-01-05T11:51:09.021Z - Wallet 0x3C44CdDdB6a900fa2b585dd299e03d12FA4293BC balance is below threshold on bnb
2025-01-05T11:51:09.201Z - Wallet 0x9965507D1a55bcC2695C58ba16FB37d819B0A4dc balance is below threshold on bnb
2025-01-05T11:51:09.771Z - Wallet 0x3C44CdDdB6a900fa2b585dd299e03d12FA4293BC balance is below threshold on polygon
2025-01-05T11:51:09.940Z - Wallet 0x9965507D1a55bcC2695C58ba16FB37d819B0A4dc balance is below threshold on polygon
2025-01-05T11:51:10.531Z - Wallet 0x90F79bf6EB2c4f870365E785982E1f101E93b906 balance is below threshold on ethereum
2025-01-05T11:51:10.710Z - Wallet 0x976EA74026E726554dB657fA54763abd0C3a0aa9 balance is below threshold on ethereum
2025-01-05T11:51:11.285Z - Wallet 0x90F79bf6EB2c4f870365E785982E1f101E93b906 balance is below threshold on bnb
2025-01-05T11:51:11.470Z - Wallet 0x976EA74026E726554dB657fA54763abd0C3a0aa9 balance is below threshold on bnb
2025-01-05T11:51:12.020Z - Wallet 0x90F79bf6EB2c4f870365E785982E1f101E93b906 balance is below threshold on polygon
2025-01-05T11:51:12.211Z - Wallet 0x976EA74026E726554dB657fA54763abd0C3a0aa9 balance is below threshold on polygon
2025-01-05T11:51:12.787Z - Wallet 0x15d34AAf54267DB7D7c367839AAf71A00a2C6A65 balance is below threshold on ethereum
2025-01-05T11:51:12.985Z - Wallet 0x14dC79964da2C08b23698B3D3cc7Ca32193d9955 balance is below threshold on ethereum
2025-01-05T11:51:13.538Z - Wallet 0x15d34AAf54267DB7D7c367839AAf71A00a2C6A65 balance is below threshold on bnb
2025-01-05T11:51:13.690Z - Wallet 0xf39Fd6e51aad88F6F4ce6aB8827279cffFb92266 balance is below threshold on ethereum
2025-01-05T11:51:13.760Z - Wallet 0x14dC79964da2C08b23698B3D3cc7Ca32193d9955 balance is below threshold on bnb
2025-01-05T11:51:14.285Z - Wallet 0x15d34AAf54267DB7D7c367839AAf71A00a2C6A65 balance is below threshold on polygon
2025-01-05T11:51:14.438Z - Wallet 0xf39Fd6e51aad88F6F4ce6aB8827279cffFb92266 balance is below threshold on bnb
2025-01-05T11:51:14.494Z - Wallet 0x14dC79964da2C08b23698B3D3cc7Ca32193d9955 balance is below threshold on polygon
2025-01-05T11:51:15.055Z - Wallet 0x9965507D1a55bcC2695C58ba16FB37d819B0A4dc balance is below threshold on ethereum
2025-01-05T11:51:15.178Z - Wallet 0xf39Fd6e51aad88F6F4ce6aB8827279cffFb92266 balance is below threshold on polygon
2025-01-05T11:51:15.825Z - Wallet 0x9965507D1a55bcC2695C58ba16FB37d819B0A4dc balance is below threshold on bnb
2025-01-05T11:51:15.974Z - Wallet 0x70997970C51812dc3A010C7d01b50e0d17dc79C8 balance is below threshold on ethereum
2025-01-05T11:51:16.586Z - Wallet 0x9965507D1a55bcC2695C58ba16FB37d819B0A4dc balance is below threshold on polygon
2025-01-05T11:51:16.726Z - Wallet 0x70997970C51812dc3A010C7d01b50e0d17dc79C8 balance is below threshold on bnb
2025-01-05T11:51:17.345Z - Wallet 0x976EA74026E726554dB657fA54763abd0C3a0aa9 balance is below threshold on ethereum
2025-01-05T11:51:17.484Z - Wallet 0x70997970C51812dc3A010C7d01b50e0d17dc79C8 balance is below threshold on polygon
2025-01-05T11:51:18.120Z - Wallet 0x976EA74026E726554dB657fA54763abd0C3a0aa9 balance is below threshold on bnb
2025-01-05T11:51:18.255Z - Wallet 0x3C44CdDdB6a900fa2b585dd299e03d12FA4293BC balance is below threshold on ethereum
2025-01-05T11:51:18.894Z - Wallet 0x976EA74026E726554dB657fA54763abd0C3a0aa9 balance is below threshold on polygon
2025-01-05T11:51:19.027Z - Wallet 0x3C44CdDdB6a900fa2b585dd299e03d12FA4293BC balance is below threshold on bnb
2025-01-05T11:51:19.806Z - Wallet 0x3C44CdDdB6a900fa2b585dd299e03d12FA4293BC balance is below threshold on polygon
2025-01-05T11:51:20.014Z - Wallet 0x14dC79964da2C08b23698B3D3cc7Ca32193d9955 balance is below threshold on ethereum
2025-01-05T11:51:20.598Z - Wallet 0x90F79bf6EB2c4f870365E785982E1f101E93b906 balance is below threshold on ethereum
2025-01-05T11:51:20.776Z - Wallet 0x14dC79964da2C08b23698B3D3cc7Ca32193d9955 balance is below threshold on bnb
2025-01-05T11:51:21.353Z - Wallet 0x90F79bf6EB2c4f870365E785982E1f101E93b906 balance is below threshold on bnb
2025-01-05T11:51:21.524Z - Wallet 0x14dC79964da2C08b23698B3D3cc7Ca32193d9955 balance is below threshold on polygon
2025-01-05T11:51:22.113Z - Wallet 0x90F79bf6EB2c4f870365E785982E1f101E93b906 balance is below threshold on polygon
2025-01-05T11:51:22.912Z - Wallet 0x15d34AAf54267DB7D7c367839AAf71A00a2C6A65 balance is below threshold on ethereum
2025-01-05T11:51:23.666Z - Wallet 0x15d34AAf54267DB7D7c367839AAf71A00a2C6A65 balance is below threshold on bnb
2025-01-05T11:51:23.727Z - Wallet 0xf39Fd6e51aad88F6F4ce6aB8827279cffFb92266 balance is below threshold on ethereum
2025-01-05T11:51:24.433Z - Wallet 0x15d34AAf54267DB7D7c367839AAf71A00a2C6A65 balance is below threshold on polygon
2025-01-05T11:51:24.496Z - Wallet 0xf39Fd6e51aad88F6F4ce6aB8827279cffFb92266 balance is below threshold on bnb
2025-01-05T11:51:25.207Z - Wallet 0x9965507D1a55bcC2695C58ba16FB37d819B0A4dc balance is below threshold on ethereum
2025-01-05T11:51:25.263Z - Wallet 0xf39Fd6e51aad88F6F4ce6aB8827279cffFb92266 balance is below threshold on polygon
2025-01-05T11:51:25.980Z - Wallet 0x9965507D1a55bcC2695C58ba16FB37d819B0A4dc balance is below threshold on bnb
2025-01-05T11:51:26.038Z - Wallet 0x70997970C51812dc3A010C7d01b50e0d17dc79C8 balance is below threshold on ethereum
2025-01-05T11:51:26.710Z - Wallet 0x9965507D1a55bcC2695C58ba16FB37d819B0A4dc balance is below threshold on polygon
2025-01-05T11:51:26.791Z - Wallet 0x70997970C51812dc3A010C7d01b50e0d17dc79C8 balance is below threshold on bnb
2025-01-05T11:51:27.498Z - Wallet 0x976EA74026E726554dB657fA54763abd0C3a0aa9 balance is below threshold on ethereum
2025-01-05T11:51:27.532Z - Wallet 0x70997970C51812dc3A010C7d01b50e0d17dc79C8 balance is below threshold on polygon
2025-01-05T11:51:28.278Z - Wallet 0x976EA74026E726554dB657fA54763abd0C3a0aa9 balance is below threshold on bnb
2025-01-05T11:51:28.284Z - Wallet 0x3C44CdDdB6a900fa2b585dd299e03d12FA4293BC balance is below threshold on ethereum
